<?xml version="1.0" encoding="UTF-8"?>
<!-- Generated by org.testng.reporters.JUnitReportReporter -->
<testsuite hostname="RAHUL" failures="0" tests="4" name="P_DDF_Orange.DataDrivenTest_Orange" time="55.197" errors="0" timestamp="2024-12-13T12:11:56 IST" skipped="0">
  <testcase classname="P_DDF_Orange.DataDrivenTest_Orange" name="logintest" time="21.746"/>
  <testcase classname="P_DDF_Orange.DataDrivenTest_Orange" name="logintest" time="11.177"/>
  <testcase classname="P_DDF_Orange.DataDrivenTest_Orange" name="logintest" time="11.435"/>
  <testcase classname="P_DDF_Orange.DataDrivenTest_Orange" name="logintest" time="10.839"/>
</testsuite> <!-- P_DDF_Orange.DataDrivenTest_Orange -->
